<?xml version="1.0" encoding="UTF-8"?>
<testng-results skipped="0" failed="0" total="1" passed="1">
  <reporter-output>
  </reporter-output>
  <suite name="Default suite" duration-ms="17249" started-at="2020-04-10T19:17:03Z" finished-at="2020-04-10T19:17:20Z">
    <groups>
    </groups>
    <test name="Default test" duration-ms="17249" started-at="2020-04-10T19:17:03Z" finished-at="2020-04-10T19:17:20Z">
      <class name="com.training.sanity.tests.LoginTests">
        <test-method status="PASS" signature="setUpBeforeClass()[pri:0, instance:com.training.sanity.tests.LoginTests@ea4a92b]" name="setUpBeforeClass" is-config="true" duration-ms="16" started-at="2020-04-11T00:47:03Z" finished-at="2020-04-11T00:47:03Z">
          <reporter-output>
          </reporter-output>
        </test-method> <!-- setUpBeforeClass -->
        <test-method status="PASS" signature="setUp()[pri:0, instance:com.training.sanity.tests.LoginTests@ea4a92b]" name="setUp" is-config="true" duration-ms="11267" started-at="2020-04-11T00:47:03Z" finished-at="2020-04-11T00:47:14Z">
          <reporter-output>
          </reporter-output>
        </test-method> <!-- setUp -->
        <test-method status="PASS" signature="validLoginTest()[pri:0, instance:com.training.sanity.tests.LoginTests@ea4a92b]" name="validLoginTest" duration-ms="4093" started-at="2020-04-11T00:47:14Z" finished-at="2020-04-11T00:47:18Z">
          <reporter-output>
          </reporter-output>
        </test-method> <!-- validLoginTest -->
        <test-method status="PASS" signature="tearDown()[pri:0, instance:com.training.sanity.tests.LoginTests@ea4a92b]" name="tearDown" is-config="true" duration-ms="1855" started-at="2020-04-11T00:47:18Z" finished-at="2020-04-11T00:47:20Z">
          <reporter-output>
          </reporter-output>
        </test-method> <!-- tearDown -->
      </class> <!-- com.training.sanity.tests.LoginTests -->
    </test> <!-- Default test -->
  </suite> <!-- Default suite -->
</testng-results>
